app/build/intermediates/manifest_merge_blame_file/debug/manifest-merger-blame-debug-report.txt
1<?xml version="1.0" encoding="utf-8"?>
2<manifest xmlns:android="http://schemas.android.com/apk/res/android"
3    package="com.ssafy.smartstore"
4    android:versionCode="1"
5    android:versionName="1.0" >
6
7    <uses-sdk
8        android:minSdkVersion="21"
8-->src\main\AndroidManifest.xml
9        android:targetSdkVersion="30" />
9-->src\main\AndroidManifest.xml
10    <!-- gps -->
11    <uses-permission android:name="android.permission.ACCESS_FINE_LOCATION" />
11-->src\main\AndroidManifest.xml:5:5-79
11-->src\main\AndroidManifest.xml:5:22-76
12    <uses-permission android:name="android.permission.ACCESS_COARSE_LOCATION" />
12-->src\main\AndroidManifest.xml:6:5-81
12-->src\main\AndroidManifest.xml:6:22-78
13    <uses-permission android:name="android.permission.INTERNET" />
13-->src\main\AndroidManifest.xml:7:5-67
13-->src\main\AndroidManifest.xml:7:22-64
14    <uses-permission android:name="android.permission.NFC" /> <!-- Beacon 사용을 위한 위치 데이터 허용 -->
14-->src\main\AndroidManifest.xml:8:5-62
14-->src\main\AndroidManifest.xml:8:22-59
15    <uses-permission
15-->src\main\AndroidManifest.xml:9:5-68
16        android:name="android.permission.BLUETOOTH"
16-->src\main\AndroidManifest.xml:9:22-65
17        android:required="false" />
17-->[org.altbeacon:android-beacon-library:2.18] AndroidManifest.xml:12:9-33
18    <uses-permission
18-->src\main\AndroidManifest.xml:10:5-74
19        android:name="android.permission.BLUETOOTH_ADMIN"
19-->src\main\AndroidManifest.xml:10:22-71
20        android:required="false" />
20-->[org.altbeacon:android-beacon-library:2.18] AndroidManifest.xml:15:9-33
21    <uses-permission android:name="android.permission.ACCESS_FINE_LOCATION" />
21-->src\main\AndroidManifest.xml:5:5-79
21-->src\main\AndroidManifest.xml:5:22-76
22    <!-- BootPay -->
23    <uses-permission android:name="android.permission.ACCESS_NETWORK_STATE" />
23-->src\main\AndroidManifest.xml:13:5-78
23-->src\main\AndroidManifest.xml:13:22-76
24    <uses-permission android:name="android.permission.READ_PHONE_STATE" />
24-->[com.github.bootpay:client_android_java:3.3.04] AndroidManifest.xml:12:5-75
24-->[com.github.bootpay:client_android_java:3.3.04] AndroidManifest.xml:12:22-72
25    <uses-permission android:name="android.permission.ACCESS_WIFI_STATE" />
25-->[com.google.android.libraries.places:places:2.6.0] AndroidManifest.xml:10:5-76
25-->[com.google.android.libraries.places:places:2.6.0] AndroidManifest.xml:10:22-73
26
27    <uses-feature
27-->[com.google.android.gms:play-services-maps:18.0.2] AndroidManifest.xml:26:5-28:35
28        android:glEsVersion="0x00020000"
28-->[com.google.android.gms:play-services-maps:18.0.2] AndroidManifest.xml:27:9-41
29        android:required="true" />
29-->[com.google.android.gms:play-services-maps:18.0.2] AndroidManifest.xml:28:9-32
30
31    <queries>
31-->[com.google.android.gms:play-services-maps:18.0.2] AndroidManifest.xml:30:5-34:15
32
33        <!-- Needs to be explicitly declared on Android R+ -->
34        <package android:name="com.google.android.apps.maps" />
34-->[com.google.android.gms:play-services-maps:18.0.2] AndroidManifest.xml:33:9-64
34-->[com.google.android.gms:play-services-maps:18.0.2] AndroidManifest.xml:33:18-61
35    </queries>
36
37    <uses-permission android:name="android.permission.RECEIVE_BOOT_COMPLETED" />
37-->[org.altbeacon:android-beacon-library:2.18] AndroidManifest.xml:16:5-81
37-->[org.altbeacon:android-beacon-library:2.18] AndroidManifest.xml:16:22-78
38    <uses-permission android:name="android.permission.WAKE_LOCK" /> <!-- Required by older versions of Google Play services to create IID tokens -->
38-->[com.google.firebase:firebase-messaging:23.0.3] AndroidManifest.xml:26:5-68
38-->[com.google.firebase:firebase-messaging:23.0.3] AndroidManifest.xml:26:22-65
39    <uses-permission android:name="com.google.android.c2dm.permission.RECEIVE" />
39-->[com.google.firebase:firebase-messaging:23.0.3] AndroidManifest.xml:28:5-82
39-->[com.google.firebase:firebase-messaging:23.0.3] AndroidManifest.xml:28:22-79
40
41    <application
41-->src\main\AndroidManifest.xml:15:5-76:19
42        android:name="com.ssafy.smartstore.StoreApplication"
42-->src\main\AndroidManifest.xml:16:9-41
43        android:allowBackup="true"
43-->src\main\AndroidManifest.xml:17:9-35
44        android:appComponentFactory="androidx.core.app.CoreComponentFactory"
44-->[androidx.core:core:1.5.0] AndroidManifest.xml:24:18-86
45        android:debuggable="true"
46        android:icon="@mipmap/ic_launcher"
46-->src\main\AndroidManifest.xml:18:9-43
47        android:label="@string/app_name"
47-->src\main\AndroidManifest.xml:19:9-41
48        android:roundIcon="@mipmap/ic_launcher_round"
48-->src\main\AndroidManifest.xml:20:9-54
49        android:supportsRtl="true"
49-->src\main\AndroidManifest.xml:21:9-35
50        android:testOnly="true"
51        android:theme="@style/AppTheme"
51-->src\main\AndroidManifest.xml:22:9-40
52        android:usesCleartextTraffic="true" >
52-->src\main\AndroidManifest.xml:23:9-44
53        <activity
53-->src\main\AndroidManifest.xml:24:9-32:20
54            android:name="com.ssafy.smartstore.view.intro.IntroActivity"
54-->src\main\AndroidManifest.xml:25:13-53
55            android:exported="true" >
55-->src\main\AndroidManifest.xml:26:13-36
56            <intent-filter>
56-->src\main\AndroidManifest.xml:27:13-31:29
57                <action android:name="android.intent.action.MAIN" />
57-->src\main\AndroidManifest.xml:28:17-69
57-->src\main\AndroidManifest.xml:28:25-66
58
59                <category android:name="android.intent.category.LAUNCHER" />
59-->src\main\AndroidManifest.xml:30:17-77
59-->src\main\AndroidManifest.xml:30:27-74
60            </intent-filter>
61        </activity>
62        <activity
62-->src\main\AndroidManifest.xml:33:9-35:40
63            android:name="com.ssafy.smartstore.view.home.MapActivity"
63-->src\main\AndroidManifest.xml:34:13-50
64            android:exported="false" />
64-->src\main\AndroidManifest.xml:35:13-37
65
66        <meta-data
66-->src\main\AndroidManifest.xml:37:9-39:47
67            android:name="com.google.android.geo.API_KEY"
67-->src\main\AndroidManifest.xml:38:13-58
68            android:value="@string/api_key" />
68-->src\main\AndroidManifest.xml:39:13-44
69
70        <activity
70-->src\main\AndroidManifest.xml:41:9-44:55
71            android:name="com.ssafy.smartstore.view.home.ShoppingListActivity"
71-->src\main\AndroidManifest.xml:42:13-59
72            android:exported="true"
72-->src\main\AndroidManifest.xml:43:13-36
73            android:launchMode="singleTop" />
73-->src\main\AndroidManifest.xml:44:13-43
74        <activity
74-->src\main\AndroidManifest.xml:45:9-49:55
75            android:name="com.ssafy.smartstore.view.home.OrderActivity"
75-->src\main\AndroidManifest.xml:46:13-52
76            android:exported="false"
76-->src\main\AndroidManifest.xml:47:13-37
77            android:launchMode="singleTop"
77-->src\main\AndroidManifest.xml:48:13-43
78            android:windowSoftInputMode="adjustPan" />
78-->src\main\AndroidManifest.xml:49:13-52
79        <activity
79-->src\main\AndroidManifest.xml:50:9-53:46
80            android:name="com.ssafy.smartstore.view.home.OrderDetailActivity"
80-->src\main\AndroidManifest.xml:51:13-58
81            android:exported="false"
81-->src\main\AndroidManifest.xml:52:13-37
82            android:launchMode="singleTop" />
82-->src\main\AndroidManifest.xml:53:13-43
83        <activity
83-->src\main\AndroidManifest.xml:55:9-66:20
84            android:name="com.ssafy.smartstore.view.home.HomeActivity"
84-->src\main\AndroidManifest.xml:56:13-51
85            android:exported="true"
85-->src\main\AndroidManifest.xml:57:13-36
86            android:launchMode="singleTop" >
86-->src\main\AndroidManifest.xml:58:13-43
87            <intent-filter>
87-->src\main\AndroidManifest.xml:59:13-65:29
88                <action android:name="android.nfc.action.NDEF_DISCOVERED" />
88-->src\main\AndroidManifest.xml:60:17-77
88-->src\main\AndroidManifest.xml:60:25-74
89
90                <category android:name="android.intent.category.DEFAULT" />
90-->src\main\AndroidManifest.xml:62:17-76
90-->src\main\AndroidManifest.xml:62:27-73
91
92                <data android:mimeType="text/plain" />
92-->src\main\AndroidManifest.xml:64:17-55
92-->src\main\AndroidManifest.xml:64:23-52
93            </intent-filter>
94        </activity>
95
96        <service
96-->src\main\AndroidManifest.xml:68:9-75:19
97            android:name="com.ssafy.smartstore.MyFirebaseMessageService"
97-->src\main\AndroidManifest.xml:69:13-53
98            android:enabled="true"
98-->src\main\AndroidManifest.xml:70:13-35
99            android:exported="true" >
99-->src\main\AndroidManifest.xml:71:13-36
100            <intent-filter>
100-->src\main\AndroidManifest.xml:72:13-74:29
101                <action android:name="com.google.firebase.MESSAGING_EVENT" />
101-->src\main\AndroidManifest.xml:73:17-78
101-->src\main\AndroidManifest.xml:73:25-75
102            </intent-filter>
103        </service>
104
105        <activity
105-->[com.github.bootpay:client_android_java:3.3.04] AndroidManifest.xml:17:9-27:20
106            android:name="kr.co.bootpay.BootpayInnerActivity"
106-->[com.github.bootpay:client_android_java:3.3.04] AndroidManifest.xml:18:13-62
107            android:screenOrientation="portrait" >
107-->[com.github.bootpay:client_android_java:3.3.04] AndroidManifest.xml:19:13-49
108            <intent-filter>
108-->[com.github.bootpay:client_android_java:3.3.04] AndroidManifest.xml:20:13-26:29
109                <action android:name="android.intent.action.VIEW" />
109-->[com.github.bootpay:client_android_java:3.3.04] AndroidManifest.xml:21:17-69
109-->[com.github.bootpay:client_android_java:3.3.04] AndroidManifest.xml:21:25-66
110
111                <data
111-->src\main\AndroidManifest.xml:64:17-55
112                    android:host="app2app"
113                    android:scheme="bootpay" />
114            </intent-filter>
115        </activity>
116
117        <uses-library
117-->[androidx.window:window:1.0.0] AndroidManifest.xml:25:9-27:40
118            android:name="androidx.window.extensions"
118-->[androidx.window:window:1.0.0] AndroidManifest.xml:26:13-54
119            android:required="false" />
119-->[androidx.window:window:1.0.0] AndroidManifest.xml:27:13-37
120        <uses-library
120-->[androidx.window:window:1.0.0] AndroidManifest.xml:28:9-30:40
121            android:name="androidx.window.sidecar"
121-->[androidx.window:window:1.0.0] AndroidManifest.xml:29:13-51
122            android:required="false" />
122-->[androidx.window:window:1.0.0] AndroidManifest.xml:30:13-37
123
124        <activity
124-->[com.google.android.libraries.places:places:2.6.0] AndroidManifest.xml:14:9-20:20
125            android:name="com.google.android.libraries.places.widget.AutocompleteActivity"
125-->[com.google.android.libraries.places:places:2.6.0] AndroidManifest.xml:15:13-91
126            android:exported="false"
126-->[com.google.android.libraries.places:places:2.6.0] AndroidManifest.xml:16:13-37
127            android:label="@string/places_autocomplete_label"
127-->[com.google.android.libraries.places:places:2.6.0] AndroidManifest.xml:17:13-62
128            android:theme="@style/PlacesAutocompleteOverlay"
128-->[com.google.android.libraries.places:places:2.6.0] AndroidManifest.xml:18:13-61
129            android:windowSoftInputMode="adjustResize" >
129-->[com.google.android.libraries.places:places:2.6.0] AndroidManifest.xml:19:13-55
130        </activity> <!-- Needs to be explicitly declared on P+ -->
131        <uses-library
131-->[com.google.android.gms:play-services-maps:18.0.2] AndroidManifest.xml:39:9-41:40
132            android:name="org.apache.http.legacy"
132-->[com.google.android.gms:play-services-maps:18.0.2] AndroidManifest.xml:40:13-50
133            android:required="false" />
133-->[com.google.android.gms:play-services-maps:18.0.2] AndroidManifest.xml:41:13-37
134
135        <receiver android:name="org.altbeacon.beacon.startup.StartupBroadcastReceiver" >
135-->[org.altbeacon:android-beacon-library:2.18] AndroidManifest.xml:20:9-26:20
135-->[org.altbeacon:android-beacon-library:2.18] AndroidManifest.xml:20:19-87
136            <intent-filter>
136-->[org.altbeacon:android-beacon-library:2.18] AndroidManifest.xml:21:13-25:29
137                <action android:name="android.intent.action.BOOT_COMPLETED" />
137-->[org.altbeacon:android-beacon-library:2.18] AndroidManifest.xml:22:17-79
137-->[org.altbeacon:android-beacon-library:2.18] AndroidManifest.xml:22:25-76
138                <action android:name="android.intent.action.ACTION_POWER_CONNECTED" />
138-->[org.altbeacon:android-beacon-library:2.18] AndroidManifest.xml:23:17-87
138-->[org.altbeacon:android-beacon-library:2.18] AndroidManifest.xml:23:25-84
139                <action android:name="android.intent.action.ACTION_POWER_DISCONNECTED" />
139-->[org.altbeacon:android-beacon-library:2.18] AndroidManifest.xml:24:17-90
139-->[org.altbeacon:android-beacon-library:2.18] AndroidManifest.xml:24:25-87
140            </intent-filter>
141        </receiver>
142
143        <service
143-->[org.altbeacon:android-beacon-library:2.18] AndroidManifest.xml:28:9-33:38
144            android:name="org.altbeacon.beacon.service.BeaconService"
144-->[org.altbeacon:android-beacon-library:2.18] AndroidManifest.xml:29:13-70
145            android:enabled="true"
145-->[org.altbeacon:android-beacon-library:2.18] AndroidManifest.xml:30:13-35
146            android:exported="false"
146-->[org.altbeacon:android-beacon-library:2.18] AndroidManifest.xml:31:13-37
147            android:isolatedProcess="false"
147-->[org.altbeacon:android-beacon-library:2.18] AndroidManifest.xml:32:13-44
148            android:label="beacon" />
148-->[org.altbeacon:android-beacon-library:2.18] AndroidManifest.xml:33:13-35
149        <service
149-->[org.altbeacon:android-beacon-library:2.18] AndroidManifest.xml:34:9-37:40
150            android:name="org.altbeacon.beacon.BeaconIntentProcessor"
150-->[org.altbeacon:android-beacon-library:2.18] AndroidManifest.xml:35:13-70
151            android:enabled="true"
151-->[org.altbeacon:android-beacon-library:2.18] AndroidManifest.xml:36:13-35
152            android:exported="false" />
152-->[org.altbeacon:android-beacon-library:2.18] AndroidManifest.xml:37:13-37
153        <service
153-->[org.altbeacon:android-beacon-library:2.18] AndroidManifest.xml:38:9-47:19
154            android:name="org.altbeacon.beacon.service.ScanJob"
154-->[org.altbeacon:android-beacon-library:2.18] AndroidManifest.xml:39:13-64
155            android:permission="android.permission.BIND_JOB_SERVICE" >
155-->[org.altbeacon:android-beacon-library:2.18] AndroidManifest.xml:40:13-69
156            <meta-data
156-->[org.altbeacon:android-beacon-library:2.18] AndroidManifest.xml:41:13-43:45
157                android:name="immediateScanJobId"
157-->[org.altbeacon:android-beacon-library:2.18] AndroidManifest.xml:42:17-50
158                android:value="208352939" />
158-->[org.altbeacon:android-beacon-library:2.18] AndroidManifest.xml:43:17-42
159            <meta-data
159-->[org.altbeacon:android-beacon-library:2.18] AndroidManifest.xml:44:13-46:45
160                android:name="periodicScanJobId"
160-->[org.altbeacon:android-beacon-library:2.18] AndroidManifest.xml:45:17-49
161                android:value="208352940" />
161-->[org.altbeacon:android-beacon-library:2.18] AndroidManifest.xml:46:17-42
162        </service>
163        <service
163-->[org.altbeacon:android-beacon-library:2.18] AndroidManifest.xml:48:9-54:19
164            android:name="org.altbeacon.bluetooth.BluetoothTestJob"
164-->[org.altbeacon:android-beacon-library:2.18] AndroidManifest.xml:49:13-68
165            android:permission="android.permission.BIND_JOB_SERVICE" >
165-->[org.altbeacon:android-beacon-library:2.18] AndroidManifest.xml:50:13-69
166            <meta-data
166-->[org.altbeacon:android-beacon-library:2.18] AndroidManifest.xml:51:13-53:46
167                android:name="jobId"
167-->[org.altbeacon:android-beacon-library:2.18] AndroidManifest.xml:52:17-37
168                android:value="1799803768" />
168-->[org.altbeacon:android-beacon-library:2.18] AndroidManifest.xml:53:17-43
169        </service>
170
171        <activity
171-->[io.github.ParkSangGwon:tedpermission:3.3.0] AndroidManifest.xml:10:9-14:67
172            android:name="com.gun0912.tedpermission.TedPermissionActivity"
172-->[io.github.ParkSangGwon:tedpermission:3.3.0] AndroidManifest.xml:11:13-75
173            android:configChanges="mcc|mnc|locale|keyboard|keyboardHidden|screenLayout|fontScale|uiMode|orientation|screenSize|layoutDirection"
173-->[io.github.ParkSangGwon:tedpermission:3.3.0] AndroidManifest.xml:12:13-144
174            android:screenOrientation="unspecified"
174-->[io.github.ParkSangGwon:tedpermission:3.3.0] AndroidManifest.xml:13:13-52
175            android:theme="@style/Theme.Transparent.Permission" />
175-->[io.github.ParkSangGwon:tedpermission:3.3.0] AndroidManifest.xml:14:13-64
176
177        <provider
177-->[io.github.ParkSangGwon:tedpermission:3.3.0] AndroidManifest.xml:16:9-19:40
178            android:name="com.gun0912.tedpermission.provider.TedPermissionProvider"
178-->[io.github.ParkSangGwon:tedpermission:3.3.0] AndroidManifest.xml:17:13-84
179            android:authorities="com.ssafy.smartstore.tedpermissionprovider"
179-->[io.github.ParkSangGwon:tedpermission:3.3.0] AndroidManifest.xml:18:13-73
180            android:exported="false" />
180-->[io.github.ParkSangGwon:tedpermission:3.3.0] AndroidManifest.xml:19:13-37
181
182        <service
182-->[com.google.firebase:firebase-messaging-ktx:23.0.3] AndroidManifest.xml:26:9-32:19
183            android:name="com.google.firebase.components.ComponentDiscoveryService"
183-->[com.google.firebase:firebase-messaging-ktx:23.0.3] AndroidManifest.xml:27:13-84
184            android:directBootAware="true"
184-->[com.google.firebase:firebase-common:20.1.0] AndroidManifest.xml:35:13-43
185            android:exported="false" >
185-->[com.google.firebase:firebase-messaging-ktx:23.0.3] AndroidManifest.xml:28:13-37
186            <meta-data
186-->[com.google.firebase:firebase-messaging-ktx:23.0.3] AndroidManifest.xml:29:13-31:85
187                android:name="com.google.firebase.components:com.google.firebase.messaging.ktx.FirebaseMessagingKtxRegistrar"
187-->[com.google.firebase:firebase-messaging-ktx:23.0.3] AndroidManifest.xml:30:17-126
188                android:value="com.google.firebase.components.ComponentRegistrar" />
188-->[com.google.firebase:firebase-messaging-ktx:23.0.3] AndroidManifest.xml:31:17-82
189            <meta-data
189-->[com.google.firebase:firebase-messaging:23.0.3] AndroidManifest.xml:55:13-57:85
190                android:name="com.google.firebase.components:com.google.firebase.messaging.FirebaseMessagingRegistrar"
190-->[com.google.firebase:firebase-messaging:23.0.3] AndroidManifest.xml:56:17-119
191                android:value="com.google.firebase.components.ComponentRegistrar" />
191-->[com.google.firebase:firebase-messaging:23.0.3] AndroidManifest.xml:57:17-82
192            <meta-data
192-->[com.google.firebase:firebase-common-ktx:20.1.0] AndroidManifest.xml:15:13-17:85
193                android:name="com.google.firebase.components:com.google.firebase.ktx.FirebaseCommonKtxRegistrar"
193-->[com.google.firebase:firebase-common-ktx:20.1.0] AndroidManifest.xml:16:17-113
194                android:value="com.google.firebase.components.ComponentRegistrar" />
194-->[com.google.firebase:firebase-common-ktx:20.1.0] AndroidManifest.xml:17:17-82
195            <meta-data
195-->[com.google.firebase:firebase-datatransport:18.1.2] AndroidManifest.xml:28:13-30:85
196                android:name="com.google.firebase.components:com.google.firebase.datatransport.TransportRegistrar"
196-->[com.google.firebase:firebase-datatransport:18.1.2] AndroidManifest.xml:29:17-115
197                android:value="com.google.firebase.components.ComponentRegistrar" />
197-->[com.google.firebase:firebase-datatransport:18.1.2] AndroidManifest.xml:30:17-82
198            <meta-data
198-->[com.google.firebase:firebase-installations:17.0.1] AndroidManifest.xml:18:13-20:85
199                android:name="com.google.firebase.components:com.google.firebase.installations.FirebaseInstallationsRegistrar"
199-->[com.google.firebase:firebase-installations:17.0.1] AndroidManifest.xml:19:17-127
200                android:value="com.google.firebase.components.ComponentRegistrar" />
200-->[com.google.firebase:firebase-installations:17.0.1] AndroidManifest.xml:20:17-82
201        </service>
202
203        <receiver
203-->[com.google.firebase:firebase-messaging:23.0.3] AndroidManifest.xml:31:9-38:20
204            android:name="com.google.firebase.iid.FirebaseInstanceIdReceiver"
204-->[com.google.firebase:firebase-messaging:23.0.3] AndroidManifest.xml:32:13-78
205            android:exported="true"
205-->[com.google.firebase:firebase-messaging:23.0.3] AndroidManifest.xml:33:13-36
206            android:permission="com.google.android.c2dm.permission.SEND" >
206-->[com.google.firebase:firebase-messaging:23.0.3] AndroidManifest.xml:34:13-73
207            <intent-filter>
207-->[com.google.firebase:firebase-messaging:23.0.3] AndroidManifest.xml:35:13-37:29
208                <action android:name="com.google.android.c2dm.intent.RECEIVE" />
208-->[com.google.firebase:firebase-messaging:23.0.3] AndroidManifest.xml:36:17-81
208-->[com.google.firebase:firebase-messaging:23.0.3] AndroidManifest.xml:36:25-78
209            </intent-filter>
210        </receiver>
211        <!--
212             FirebaseMessagingService performs security checks at runtime,
213             but set to not exported to explicitly avoid allowing another app to call it.
214        -->
215        <service
215-->[com.google.firebase:firebase-messaging:23.0.3] AndroidManifest.xml:44:9-51:19
216            android:name="com.google.firebase.messaging.FirebaseMessagingService"
216-->[com.google.firebase:firebase-messaging:23.0.3] AndroidManifest.xml:45:13-82
217            android:directBootAware="true"
217-->[com.google.firebase:firebase-messaging:23.0.3] AndroidManifest.xml:46:13-43
218            android:exported="false" >
218-->[com.google.firebase:firebase-messaging:23.0.3] AndroidManifest.xml:47:13-37
219            <intent-filter android:priority="-500" >
219-->src\main\AndroidManifest.xml:72:13-74:29
220                <action android:name="com.google.firebase.MESSAGING_EVENT" />
220-->src\main\AndroidManifest.xml:73:17-78
220-->src\main\AndroidManifest.xml:73:25-75
221            </intent-filter>
222        </service>
223
224        <activity
224-->[com.google.android.gms:play-services-base:18.0.1] AndroidManifest.xml:20:9-22:45
225            android:name="com.google.android.gms.common.api.GoogleApiActivity"
225-->[com.google.android.gms:play-services-base:18.0.1] AndroidManifest.xml:20:19-85
226            android:exported="false"
226-->[com.google.android.gms:play-services-base:18.0.1] AndroidManifest.xml:22:19-43
227            android:theme="@android:style/Theme.Translucent.NoTitleBar" />
227-->[com.google.android.gms:play-services-base:18.0.1] AndroidManifest.xml:21:19-78
228
229        <provider
229-->[com.google.firebase:firebase-common:20.1.0] AndroidManifest.xml:26:9-31:39
230            android:name="com.google.firebase.provider.FirebaseInitProvider"
230-->[com.google.firebase:firebase-common:20.1.0] AndroidManifest.xml:27:13-77
231            android:authorities="com.ssafy.smartstore.firebaseinitprovider"
231-->[com.google.firebase:firebase-common:20.1.0] AndroidManifest.xml:28:13-72
232            android:directBootAware="true"
232-->[com.google.firebase:firebase-common:20.1.0] AndroidManifest.xml:29:13-43
233            android:exported="false"
233-->[com.google.firebase:firebase-common:20.1.0] AndroidManifest.xml:30:13-37
234            android:initOrder="100" />
234-->[com.google.firebase:firebase-common:20.1.0] AndroidManifest.xml:31:13-36
235
236        <meta-data
236-->[com.google.android.gms:play-services-basement:18.0.0] AndroidManifest.xml:21:9-23:69
237            android:name="com.google.android.gms.version"
237-->[com.google.android.gms:play-services-basement:18.0.0] AndroidManifest.xml:22:13-58
238            android:value="@integer/google_play_services_version" />
238-->[com.google.android.gms:play-services-basement:18.0.0] AndroidManifest.xml:23:13-66
239
240        <service
240-->[androidx.room:room-runtime:2.4.0] AndroidManifest.xml:25:9-28:40
241            android:name="androidx.room.MultiInstanceInvalidationService"
241-->[androidx.room:room-runtime:2.4.0] AndroidManifest.xml:26:13-74
242            android:directBootAware="true"
242-->[androidx.room:room-runtime:2.4.0] AndroidManifest.xml:27:13-43
243            android:exported="false" />
243-->[androidx.room:room-runtime:2.4.0] AndroidManifest.xml:28:13-37
244        <service
244-->[com.google.android.datatransport:transport-backend-cct:3.1.3] AndroidManifest.xml:29:9-35:19
245            android:name="com.google.android.datatransport.runtime.backends.TransportBackendDiscovery"
245-->[com.google.android.datatransport:transport-backend-cct:3.1.3] AndroidManifest.xml:30:13-103
246            android:exported="false" >
246-->[com.google.android.datatransport:transport-backend-cct:3.1.3] AndroidManifest.xml:31:13-37
247            <meta-data
247-->[com.google.android.datatransport:transport-backend-cct:3.1.3] AndroidManifest.xml:32:13-34:39
248                android:name="backend:com.google.android.datatransport.cct.CctBackendFactory"
248-->[com.google.android.datatransport:transport-backend-cct:3.1.3] AndroidManifest.xml:33:17-94
249                android:value="cct" />
249-->[com.google.android.datatransport:transport-backend-cct:3.1.3] AndroidManifest.xml:34:17-36
250        </service>
251        <service
251-->[com.google.android.datatransport:transport-runtime:3.1.3] AndroidManifest.xml:26:9-30:19
252            android:name="com.google.android.datatransport.runtime.scheduling.jobscheduling.JobInfoSchedulerService"
252-->[com.google.android.datatransport:transport-runtime:3.1.3] AndroidManifest.xml:27:13-117
253            android:exported="false"
253-->[com.google.android.datatransport:transport-runtime:3.1.3] AndroidManifest.xml:28:13-37
254            android:permission="android.permission.BIND_JOB_SERVICE" >
254-->[com.google.android.datatransport:transport-runtime:3.1.3] AndroidManifest.xml:29:13-69
255        </service>
256
257        <receiver
257-->[com.google.android.datatransport:transport-runtime:3.1.3] AndroidManifest.xml:32:9-34:40
258            android:name="com.google.android.datatransport.runtime.scheduling.jobscheduling.AlarmManagerSchedulerBroadcastReceiver"
258-->[com.google.android.datatransport:transport-runtime:3.1.3] AndroidManifest.xml:33:13-132
259            android:exported="false" />
259-->[com.google.android.datatransport:transport-runtime:3.1.3] AndroidManifest.xml:34:13-37
260
261        <provider
261-->[androidx.lifecycle:lifecycle-process:2.2.0] AndroidManifest.xml:25:9-29:43
262            android:name="androidx.lifecycle.ProcessLifecycleOwnerInitializer"
262-->[androidx.lifecycle:lifecycle-process:2.2.0] AndroidManifest.xml:26:13-79
263            android:authorities="com.ssafy.smartstore.lifecycle-process"
263-->[androidx.lifecycle:lifecycle-process:2.2.0] AndroidManifest.xml:27:13-69
264            android:exported="false"
264-->[androidx.lifecycle:lifecycle-process:2.2.0] AndroidManifest.xml:28:13-37
265            android:multiprocess="true" />
265-->[androidx.lifecycle:lifecycle-process:2.2.0] AndroidManifest.xml:29:13-40
266    </application>
267
268</manifest>